app/build/intermediates/manifest_merge_blame_file/debug/manifest-merger-blame-debug-report.txt
1<?xml version="1.0" encoding="utf-8"?>
2<manifest xmlns:android="http://schemas.android.com/apk/res/android"
3    package="com.francisco.navarrofrancisco02"
4    android:versionCode="1"
5    android:versionName="1.0" >
6
7    <uses-sdk
8        android:minSdkVersion="24"
8-->src\main\AndroidManifest.xml
9        android:targetSdkVersion="33" />
9-->src\main\AndroidManifest.xml
10
11    <uses-feature
11-->src\main\AndroidManifest.xml:5:5-7:35
12        android:name="android.hardware.camera"
12-->src\main\AndroidManifest.xml:6:9-47
13        android:required="true" />
13-->src\main\AndroidManifest.xml:7:9-32
14
15    <uses-permission android:name="android.permission.CAMERA" />
15-->src\main\AndroidManifest.xml:9:5-65
15-->src\main\AndroidManifest.xml:9:22-62
16    <uses-permission android:name="android.permission.WRITE_EXTERNAL_STORAGE" />
16-->src\main\AndroidManifest.xml:10:5-81
16-->src\main\AndroidManifest.xml:10:22-78
17
18    <!-- Include required permissions for Google Maps API to run. -->
19    <uses-permission android:name="android.permission.ACCESS_NETWORK_STATE" />
19-->[com.google.android.gms:play-services-maps:18.1.0] AndroidManifest.xml:23:5-79
19-->[com.google.android.gms:play-services-maps:18.1.0] AndroidManifest.xml:23:22-76
20    <uses-permission android:name="android.permission.INTERNET" />
20-->[com.google.android.gms:play-services-maps:18.1.0] AndroidManifest.xml:24:5-67
20-->[com.google.android.gms:play-services-maps:18.1.0] AndroidManifest.xml:24:22-64
21
22    <uses-feature
22-->[com.google.android.gms:play-services-maps:18.1.0] AndroidManifest.xml:26:5-28:35
23        android:glEsVersion="0x00020000"
23-->[com.google.android.gms:play-services-maps:18.1.0] AndroidManifest.xml:27:9-41
24        android:required="true" />
24-->[com.google.android.gms:play-services-maps:18.1.0] AndroidManifest.xml:28:9-32
25
26    <queries>
26-->[com.google.android.gms:play-services-maps:18.1.0] AndroidManifest.xml:30:5-34:15
27
28        <!-- Needs to be explicitly declared on Android R+ -->
29        <package android:name="com.google.android.apps.maps" />
29-->[com.google.android.gms:play-services-maps:18.1.0] AndroidManifest.xml:33:9-64
29-->[com.google.android.gms:play-services-maps:18.1.0] AndroidManifest.xml:33:18-61
30    </queries>
31
32    <permission
32-->[androidx.core:core:1.9.0] AndroidManifest.xml:22:5-24:47
33        android:name="com.francisco.navarrofrancisco02.DYNAMIC_RECEIVER_NOT_EXPORTED_PERMISSION"
33-->[androidx.core:core:1.9.0] AndroidManifest.xml:23:9-81
34        android:protectionLevel="signature" />
34-->[androidx.core:core:1.9.0] AndroidManifest.xml:24:9-44
35
36    <uses-permission android:name="com.francisco.navarrofrancisco02.DYNAMIC_RECEIVER_NOT_EXPORTED_PERMISSION" />
36-->[androidx.core:core:1.9.0] AndroidManifest.xml:26:5-97
36-->[androidx.core:core:1.9.0] AndroidManifest.xml:26:22-94
37
38    <application
38-->src\main\AndroidManifest.xml:12:5-46:19
39        android:allowBackup="true"
39-->src\main\AndroidManifest.xml:13:9-35
40        android:appComponentFactory="androidx.core.app.CoreComponentFactory"
40-->[androidx.core:core:1.9.0] AndroidManifest.xml:28:18-86
41        android:dataExtractionRules="@xml/data_extraction_rules"
41-->src\main\AndroidManifest.xml:14:9-65
42        android:debuggable="true"
43        android:extractNativeLibs="false"
44        android:fullBackupContent="@xml/backup_rules"
44-->src\main\AndroidManifest.xml:15:9-54
45        android:icon="@mipmap/ic_launcher"
45-->src\main\AndroidManifest.xml:16:9-43
46        android:label="@string/app_name"
46-->src\main\AndroidManifest.xml:17:9-41
47        android:supportsRtl="true"
47-->src\main\AndroidManifest.xml:18:9-35
48        android:testOnly="true"
49        android:theme="@style/Theme.NavarroFrancisco02" >
49-->src\main\AndroidManifest.xml:19:9-56
50        <activity
50-->src\main\AndroidManifest.xml:21:9-23:40
51            android:name="com.francisco.navarrofrancisco02.MapActivity"
51-->src\main\AndroidManifest.xml:22:13-40
52            android:exported="false" />
52-->src\main\AndroidManifest.xml:23:13-37
53        <activity
53-->src\main\AndroidManifest.xml:24:9-32:20
54            android:name="com.francisco.navarrofrancisco02.SplashScreenActivity"
54-->src\main\AndroidManifest.xml:25:13-49
55            android:exported="true" >
55-->src\main\AndroidManifest.xml:26:13-36
56            <intent-filter>
56-->src\main\AndroidManifest.xml:27:13-31:29
57                <action android:name="android.intent.action.MAIN" />
57-->src\main\AndroidManifest.xml:28:17-69
57-->src\main\AndroidManifest.xml:28:25-66
58
59                <category android:name="android.intent.category.LAUNCHER" />
59-->src\main\AndroidManifest.xml:30:17-77
59-->src\main\AndroidManifest.xml:30:27-74
60            </intent-filter>
61        </activity>
62        <activity
62-->src\main\AndroidManifest.xml:33:9-35:39
63            android:name="com.francisco.navarrofrancisco02.LoginActivity"
63-->src\main\AndroidManifest.xml:34:13-42
64            android:exported="true" />
64-->src\main\AndroidManifest.xml:35:13-36
65        <activity
65-->src\main\AndroidManifest.xml:36:9-38:48
66            android:name="com.francisco.navarrofrancisco02.MainActivity"
66-->src\main\AndroidManifest.xml:37:13-41
67            android:exported="true" />
67-->src\main\AndroidManifest.xml:38:13-36
68
69        <meta-data
69-->src\main\AndroidManifest.xml:40:9-42:54
70            android:name="com.google.android.geo.API_KEY"
70-->src\main\AndroidManifest.xml:41:13-58
71            android:value="@string/google_api_key" />
71-->src\main\AndroidManifest.xml:42:13-51
72        <meta-data
72-->src\main\AndroidManifest.xml:43:9-45:57
73            android:name="preloaded_fonts"
73-->src\main\AndroidManifest.xml:44:13-43
74            android:resource="@array/preloaded_fonts" />
74-->src\main\AndroidManifest.xml:45:13-54
75        <!-- Needs to be explicitly declared on P+ -->
76        <uses-library
76-->[com.google.android.gms:play-services-maps:18.1.0] AndroidManifest.xml:39:9-41:40
77            android:name="org.apache.http.legacy"
77-->[com.google.android.gms:play-services-maps:18.1.0] AndroidManifest.xml:40:13-50
78            android:required="false" />
78-->[com.google.android.gms:play-services-maps:18.1.0] AndroidManifest.xml:41:13-37
79
80        <activity
80-->[com.google.android.gms:play-services-base:18.0.1] AndroidManifest.xml:20:9-22:45
81            android:name="com.google.android.gms.common.api.GoogleApiActivity"
81-->[com.google.android.gms:play-services-base:18.0.1] AndroidManifest.xml:20:19-85
82            android:exported="false"
82-->[com.google.android.gms:play-services-base:18.0.1] AndroidManifest.xml:22:19-43
83            android:theme="@android:style/Theme.Translucent.NoTitleBar" />
83-->[com.google.android.gms:play-services-base:18.0.1] AndroidManifest.xml:21:19-78
84
85        <meta-data
85-->[com.google.android.gms:play-services-basement:18.0.0] AndroidManifest.xml:21:9-23:69
86            android:name="com.google.android.gms.version"
86-->[com.google.android.gms:play-services-basement:18.0.0] AndroidManifest.xml:22:13-58
87            android:value="@integer/google_play_services_version" />
87-->[com.google.android.gms:play-services-basement:18.0.0] AndroidManifest.xml:23:13-66
88
89        <provider
89-->[androidx.emoji2:emoji2:1.2.0] AndroidManifest.xml:24:9-32:20
90            android:name="androidx.startup.InitializationProvider"
90-->[androidx.emoji2:emoji2:1.2.0] AndroidManifest.xml:25:13-67
91            android:authorities="com.francisco.navarrofrancisco02.androidx-startup"
91-->[androidx.emoji2:emoji2:1.2.0] AndroidManifest.xml:26:13-68
92            android:exported="false" >
92-->[androidx.emoji2:emoji2:1.2.0] AndroidManifest.xml:27:13-37
93            <meta-data
93-->[androidx.emoji2:emoji2:1.2.0] AndroidManifest.xml:29:13-31:52
94                android:name="androidx.emoji2.text.EmojiCompatInitializer"
94-->[androidx.emoji2:emoji2:1.2.0] AndroidManifest.xml:30:17-75
95                android:value="androidx.startup" />
95-->[androidx.emoji2:emoji2:1.2.0] AndroidManifest.xml:31:17-49
96            <meta-data
96-->[androidx.lifecycle:lifecycle-process:2.4.1] AndroidManifest.xml:31:13-33:52
97                android:name="androidx.lifecycle.ProcessLifecycleInitializer"
97-->[androidx.lifecycle:lifecycle-process:2.4.1] AndroidManifest.xml:32:17-78
98                android:value="androidx.startup" />
98-->[androidx.lifecycle:lifecycle-process:2.4.1] AndroidManifest.xml:33:17-49
99        </provider>
100    </application>
101
102</manifest>